<?xml version="1.0" encoding="UTF-8"?>
<!-- Generated by org.testng.reporters.JUnitReportReporter -->
<testsuite skipped="0" hostname="THSCP10091" name="com.parameters.parameterTest" tests="1" failures="0" timestamp="2020-02-27T10:43:57 IST" time="13.987" errors="0">
  <testcase name="AutomationPracticeLoginTest" time="13.987" classname="com.parameters.parameterTest"/>
</testsuite> <!-- com.parameters.parameterTest -->
