<?xml version="1.0" encoding="UTF-8"?>
<!-- Generated by org.testng.reporters.JUnitReportReporter -->
<testsuite skipped="0" hostname="THSCP10091" name="com.datadriven.test.TestAutomationTest" tests="4" failures="0" timestamp="2020-02-26T12:03:53 IST" time="47.348" errors="0">
  <testcase name="TestAutomationRegPageTest" time="11.549" classname="com.datadriven.test.TestAutomationTest"/>
  <testcase name="TestAutomationRegPageTest" time="11.682" classname="com.datadriven.test.TestAutomationTest"/>
  <testcase name="TestAutomationRegPageTest" time="11.316" classname="com.datadriven.test.TestAutomationTest"/>
  <testcase name="TestAutomationRegPageTest" time="12.801" classname="com.datadriven.test.TestAutomationTest"/>
</testsuite> <!-- com.datadriven.test.TestAutomationTest -->
